2012-03-29 20:07:04.718+0200: Creating new db @ C:\Users\chrigi\Desktop\Brauhaus\neostore
2012-03-29 20:07:04.898+0200: Opened [C:\Users\chrigi\Desktop\Brauhaus\nioneo_logical.log.1] clean empty log, version=0, lastTxId=1
2012-03-29 20:07:04.925+0200: Opened [C:\Users\chrigi\Desktop\Brauhaus\index\lucene.log.1] clean empty log, version=0, lastTxId=1
2012-03-29 20:07:04.931+0200: TM new log: tm_tx_log.1
2012-03-29 20:07:04.951+0200: --- STARTUP diagnostics START ---
2012-03-29 20:07:04.952+0200: Graph Database: org.neo4j.kernel.EmbeddedGraphDatabase StoreId[time:1333044424726, id:8909450327864680761, store version: 13561656364791302]
2012-03-29 20:07:04.953+0200: Kernel version: Neo4j - Graph Database Kernel 1.6
2012-03-29 20:07:04.954+0200: Neo4j component versions:
2012-03-29 20:07:04.954+0200:   Neo4j - Graph Database Kernel 1.6
2012-03-29 20:07:04.956+0200: Diagnostics providers:
    KernelDiagnostics:Versions
    org.neo4j.kernel.info.DiagnosticsManager
    SYSTEM_MEMORY
    JAVA_MEMORY
    OPERATING_SYSTEM
    JAVA_VIRTUAL_MACHINE
    CLASSPATH
    LIBRARY_PATH
    SYSTEM_PROPERTIES
    org.neo4j.kernel.Config
    NEO_STORE_VERSIONS
    NEO_STORE_ID_USAGE
    KernelDiagnostics:StoreFiles
2012-03-29 20:07:04.958+0200: System memory information:
    Total Physical memory: 6,93 GB
    Free Physical memory: 3,54 GB
    Committed virtual memory: 229,67 MB
    Total swap space: 12,09 GB
    Free swap space: 8,03 GB
2012-03-29 20:07:04.960+0200: JVM memory information:
    Free  memory: 69,92 MB
    Total memory: 106,38 MB
    Max   memory: 1,54 GB
    Garbage Collector: PS Scavenge: [PS Eden Space, PS Survivor Space]
    Garbage Collector: PS MarkSweep: [PS Eden Space, PS Survivor Space, PS Old Gen, PS Perm Gen]
    Memory Pool: Code Cache (Non-heap memory): committed=2,44 MB, used=1,26 MB, max=48,00 MB, threshold=0,00 B
    Memory Pool: PS Eden Space (Heap memory): committed=27,75 MB, used=9,71 MB, max=582,75 MB, threshold=?
    Memory Pool: PS Survivor Space (Heap memory): committed=4,63 MB, used=4,61 MB, max=4,63 MB, threshold=?
    Memory Pool: PS Old Gen (Heap memory): committed=74,00 MB, used=22,14 MB, max=1,16 GB, threshold=0,00 B
    Memory Pool: PS Perm Gen (Non-heap memory): committed=31,44 MB, used=31,39 MB, max=82,00 MB, threshold=0,00 B
2012-03-29 20:07:04.965+0200: Operating system information:
    Operating System: Windows 7; version: 6.1; arch: amd64; cpus: 8
    Process id: 6848@bart
    Byte order: LITTLE_ENDIAN
2012-03-29 20:07:04.966+0200: JVM information:
    VM Name: Java HotSpot(TM) 64-Bit Server VM
    VM Vendor: Oracle Corporation
    VM Version: 22.0-b10
    JIT compiler: HotSpot 64-Bit Tiered Compilers
    VM Arguments: []
2012-03-29 20:07:04.967+0200: Java classpath:
     [bootstrap] C:\Program Files\Java\jre7\lib\jsse.jar
     [bootstrap] C:\Program Files\Java\jre7\lib\resources.jar
     [classpath] C:\Program Files\neoclipse-1.6-win32.win32.x86_64\neoclipse-1.6-win32.win32.x86_64\plugins\org.eclipse.equinox.launcher_1.2.0.v20110502.jar
     [bootstrap] C:\Program Files\Java\jre7\lib\jce.jar
     [bootstrap] C:\Program Files\Java\jre7\lib\rt.jar
     [bootstrap] C:\Program Files\Java\jre7\classes
     [bootstrap] C:\Program Files\Java\jre7\lib\sunrsasign.jar
     [bootstrap] C:\Program Files\Java\jre7\lib\charsets.jar
2012-03-29 20:07:04.968+0200: Library path:
    C:\Windows\System32
    C:\Windows\Sun\Java\bin
    C:\Windows\System32
    C:\Windows
    C:\Program Files (x86)\MiKTeX 2.9\miktex\bin
    C:\Windows\System32
    C:\Windows
    C:\Windows\System32\wbem
    C:\Windows\System32\WindowsPowerShell\v1.0
    C:\Program Files (x86)\Common Files\Acronis\SnapAPI
    C:\Program Files (x86)\apache-maven-2.2.1
    C:\Program Files\neoclipse-1.6-win32.win32.x86_64\neoclipse-1.6-win32.win32.x86_64\"C:\Program Files\PostgreSQL\9.1\bin"
    C:\Program Files\neoclipse-1.6-win32.win32.x86_64\neoclipse-1.6-win32.win32.x86_64
2012-03-29 20:07:04.970+0200: System.properties:
    osgi.bundles.defaultStartLevel = 4
    sun.java.launcher = SUN_STANDARD
    org.osgi.supports.framework.extension = true
    sun.management.compiler = HotSpot 64-Bit Tiered Compilers
    eclipse.p2.profile = profile
    user.country.format = CH
    osgi.ws = win32
    sun.desktop = windows
    osgi.instance.area = file:/C:/Program Files/neoclipse-1.6-win32.win32.x86_64/neoclipse-1.6-win32.win32.x86_64/neoclipse-workspace/
    org.osgi.framework.uuid = 808342e3-c979-0011-18c9-82dc7e853aad
    user.name = chrigi
    osgi.framework.extensions = reference:file:javax.transaction_1.1.1.v201105210645.jar,reference:file:org.eclipse.equinox.weaving.hook_1.0.100.HEAD.jar
    org.osgi.framework.system.packages = javax.accessibility,javax.activation,javax.activity,javax.annotation,javax.annotation.processing,javax.crypto,javax.crypto.interfaces,javax.crypto.spec,javax.imageio,javax.imageio.event,javax.imageio.metadata,javax.imageio.plugins.bmp,javax.imageio.plugins.jpeg,javax.imageio.spi,javax.imageio.stream,javax.jws,javax.jws.soap,javax.lang.model,javax.lang.model.element,javax.lang.model.type,javax.lang.model.util,javax.management,javax.management.event,javax.management.loading,javax.management.modelmbean,javax.management.monitor,javax.management.namespace,javax.management.openmbean,javax.management.relation,javax.management.remote,javax.management.remote.rmi,javax.management.timer,javax.naming,javax.naming.directory,javax.naming.event,javax.naming.ldap,javax.naming.spi,javax.net,javax.net.ssl,javax.print,javax.print.attribute,javax.print.attribute.standard,javax.print.event,javax.rmi,javax.rmi.CORBA,javax.rmi.ssl,javax.script,javax.security.auth,javax.security.auth.callback,javax.security.auth.kerberos,javax.security.auth.login,javax.security.auth.spi,javax.security.auth.x500,javax.security.cert,javax.security.sasl,javax.sound.midi,javax.sound.midi.spi,javax.sound.sampled,javax.sound.sampled.spi,javax.sql,javax.sql.rowset,javax.sql.rowset.serial,javax.sql.rowset.spi,javax.swing,javax.swing.border,javax.swing.colorchooser,javax.swing.event,javax.swing.filechooser,javax.swing.plaf,javax.swing.plaf.basic,javax.swing.plaf.metal,javax.swing.plaf.multi,javax.swing.plaf.nimbus,javax.swing.plaf.synth,javax.swing.table,javax.swing.text,javax.swing.text.html,javax.swing.text.html.parser,javax.swing.text.rtf,javax.swing.tree,javax.swing.undo,javax.tools,javax.transaction,javax.transaction.xa,javax.xml,javax.xml.bind,javax.xml.bind.annotation,javax.xml.bind.annotation.adapters,javax.xml.bind.attachment,javax.xml.bind.helpers,javax.xml.bind.util,javax.xml.crypto,javax.xml.crypto.dom,javax.xml.crypto.dsig,javax.xml.crypto.dsig.dom,javax.xml.crypto.dsig.keyinfo,javax.xml.crypto.dsig.spec,javax.xml.datatype,javax.xml.namespace,javax.xml.parsers,javax.xml.soap,javax.xml.stream,javax.xml.stream.events,javax.xml.stream.util,javax.xml.transform,javax.xml.transform.dom,javax.xml.transform.sax,javax.xml.transform.stax,javax.xml.transform.stream,javax.xml.validation,javax.xml.ws,javax.xml.ws.handler,javax.xml.ws.handler.soap,javax.xml.ws.http,javax.xml.ws.soap,javax.xml.ws.spi,javax.xml.ws.spi.http,javax.xml.ws.wsaddressing,javax.xml.xpath,org.ietf.jgss,org.omg.CORBA,org.omg.CORBA_2_3,org.omg.CORBA_2_3.portable,org.omg.CORBA.DynAnyPackage,org.omg.CORBA.ORBPackage,org.omg.CORBA.portable,org.omg.CORBA.TypeCodePackage,org.omg.CosNaming,org.omg.CosNaming.NamingContextExtPackage,org.omg.CosNaming.NamingContextPackage,org.omg.Dynamic,org.omg.DynamicAny,org.omg.DynamicAny.DynAnyFactoryPackage,org.omg.DynamicAny.DynAnyPackage,org.omg.IOP,org.omg.IOP.CodecFactoryPackage,org.omg.IOP.CodecPackage,org.omg.Messaging,org.omg.PortableInterceptor,org.omg.PortableInterceptor.ORBInitInfoPackage,org.omg.PortableServer,org.omg.PortableServer.CurrentPackage,org.omg.PortableServer.POAManagerPackage,org.omg.PortableServer.POAPackage,org.omg.PortableServer.portable,org.omg.PortableServer.ServantLocatorPackage,org.omg.SendingContext,org.omg.stub.java.rmi,org.w3c.dom,org.w3c.dom.bootstrap,org.w3c.dom.css,org.w3c.dom.events,org.w3c.dom.html,org.w3c.dom.ls,org.w3c.dom.ranges,org.w3c.dom.stylesheets,org.w3c.dom.traversal,org.w3c.dom.views,org.w3c.dom.xpath,org.xml.sax,org.xml.sax.ext,org.xml.sax.helpers
    eclipse.launcher = C:\Program Files\neoclipse-1.6-win32.win32.x86_64\neoclipse-1.6-win32.win32.x86_64\neoclipse.exe
    eclipse.launcher.name = Neoclipse
    org.osgi.framework.language = de
    osgi.frameworkClassPath = ., file:c:/Program Files/neoclipse-1.6-win32.win32.x86_64/neoclipse-1.6-win32.win32.x86_64/plugins/javax.transaction_1.1.1.v201105210645.jar, file:c:/Program Files/neoclipse-1.6-win32.win32.x86_64/neoclipse-1.6-win32.win32.x86_64/plugins/org.eclipse.equinox.weaving.hook_1.0.100.HEAD.jar
    user.language = de
    org.osgi.framework.processor = x86-64
    osgi.syspath = c:\Program Files\neoclipse-1.6-win32.win32.x86_64\neoclipse-1.6-win32.win32.x86_64\plugins
    sun.boot.library.path = C:\Program Files\Java\jre7\bin
    org.osgi.framework.system.capabilities = osgi.ee; osgi.ee="OSGi/Minimum"; version:List<Version>="1.0, 1.1, 1.2",osgi.ee; osgi.ee="JavaSE"; version:List<Version>="1.0, 1.1, 1.2, 1.3, 1.4, 1.5, 1.6, 1.7"
    osgi.manifest.cache = C:\Program Files\neoclipse-1.6-win32.win32.x86_64\neoclipse-1.6-win32.win32.x86_64\configuration\org.eclipse.osgi\manifests
    org.osgi.framework.os.name = Windows7
    user.timezone = Europe/Berlin
    sun.arch.data.model = 64
    osgi.bundles = reference:file:javax.transaction_1.1.1.v201105210645.jar,reference:file:org.eclipse.equinox.weaving.hook_1.0.100.HEAD.jar,reference:file:ch.qos.logback.classic_0.9.27.v20110224-1110.jar@4,reference:file:ch.qos.logback.core_0.9.27.v20110224-1110.jar@4,reference:file:ch.qos.logback.slf4j_0.9.27.v20110224-1110.jar@4,reference:file:com.ibm.icu_4.4.2.v20110208.jar@4,reference:file:com.ning.async-http-client_1.6.3.201108040830.jar@4,reference:file:com.springsource.javax.jms_1.1.0.jar@4,reference:file:javax.activation_1.1.0.v201105071233.jar@4,reference:file:javax.mail_1.4.0.v201005080615.jar@4,reference:file:javax.servlet_2.5.0.v201103041518.jar@4,reference:file:javax.servlet.jsp_2.0.0.v201101211617.jar@4,reference:file:javax.xml_1.3.4.v201005080400.jar@4,reference:file:org.apache.ant_1.8.2.v20110505-1300/@4,reference:file:org.apache.commons.el_1.0.0.v201101211617.jar@4,reference:file:org.apache.commons.logging_1.0.4.v201101211617.jar@4,reference:file:org.apache.jasper_5.5.17.v201101211617.jar@4,reference:file:org.apache.lucene_2.9.1.v201101211721.jar@4,reference:file:org.apache.lucene.analysis_2.9.1.v201101211721.jar@4,reference:file:org.apache.lucene.core_2.9.1.v201101211721.jar@4,reference:file:org.apache.lucene.highlighter_2.9.1.v20100421-0704.jar@4,reference:file:org.apache.lucene.memory_2.9.1.v20100421-0704.jar@4,reference:file:org.apache.lucene.misc_2.9.1.v20100421-0704.jar@4,reference:file:org.apache.lucene.queries_2.9.1.v20100421-0704.jar@4,reference:file:org.apache.lucene.snowball_2.9.1.v20100421-0704.jar@4,reference:file:org.apache.lucene.spellchecker_2.9.1.v20100421-0704.jar@4,reference:file:org.apache.xerces_2.9.0.v201101211617.jar@4,reference:file:org.apache.xml.resolver_1.2.0.v201005080400.jar@4,reference:file:org.apache.xml.serializer_2.7.1.v201005080400.jar@4,reference:file:org.eclipse.ant.core_3.2.300.v20110511.jar@4,reference:file:org.eclipse.compare_3.5.200.I20110525-0800.jar@4,reference:file:org.eclipse.compare.core_3.5.200.I20110208-0800.jar@4,reference:file:org.eclipse.core.commands_3.6.0.I20110111-0800.jar@4,reference:file:org.eclipse.core.contenttype_3.4.100.v20110423-0524.jar@4,reference:file:org.eclipse.core.databinding_1.4.0.I20110111-0800.jar@4,reference:file:org.eclipse.core.databinding.observable_1.4.0.I20110222-0800.jar@4,reference:file:org.eclipse.core.databinding.property_1.4.0.I20110222-0800.jar@4,reference:file:org.eclipse.core.expressions_3.4.300.v20110228.jar@4,reference:file:org.eclipse.core.filebuffers_3.5.200.v20110505-0800.jar@4,reference:file:org.eclipse.core.filesystem_1.3.100.v20110423-0524.jar@4,reference:file:org.eclipse.core.filesystem.win32.x86_64_1.1.300.v20110423-0524.jar@4,reference:file:org.eclipse.core.jobs_3.5.100.v20110404.jar@4,reference:file:org.eclipse.core.net_1.2.100.I20110511-0800.jar@4,reference:file:org.eclipse.core.net.win32.x86_64_1.0.100.I20110331-0827.jar@4,reference:file:org.eclipse.core.resources_3.7.100.v20110510-0712.jar@4,reference:file:org.eclipse.core.runtime_3.7.0.v20110110.jar@4:start,reference:file:org.eclipse.core.runtime.compatibility_3.2.100.v20100505.jar@4,reference:file:org.eclipse.core.runtime.compatibility.auth_3.2.200.v20110110.jar@4,reference:file:org.eclipse.core.runtime.compatibility.registry_3.5.0.v20110505/@4,reference:file:org.eclipse.core.variables_3.2.500.v20110511.jar@4,reference:file:org.eclipse.draw2d_3.7.1.v20110830-1143.jar@4,reference:file:org.eclipse.emf.common_2.7.0.v20110912-0920.jar@4,reference:file:org.eclipse.emf.ecore_2.7.0.v20110912-0920.jar@4,reference:file:org.eclipse.emf.ecore.change_2.7.1.v20110829-1916.jar@4,reference:file:org.eclipse.emf.ecore.edit_2.7.0.v20110913-1156.jar@4,reference:file:org.eclipse.emf.ecore.xmi_2.7.0.v20110520-1406.jar@4,reference:file:org.eclipse.emf.edit_2.7.1.v20110913-1526.jar@4,reference:file:org.eclipse.equinox.app_1.3.100.v20110321.jar@4,reference:file:org.eclipse.equinox.common_3.6.0.v20110523.jar@2:start,reference:file:org.eclipse.equinox.http.jetty_2.0.100.v20110502.jar@4,reference:file:org.eclipse.equinox.http.registry_1.1.100.v20110502.jar@4,reference:file:org.eclipse.equinox.http.servlet_1.1.200.v20110502.jar@4,reference:file:org.eclipse.equinox.jsp.jasper_1.0.300.v20110502.jar@4,reference:file:org.eclipse.equinox.jsp.jasper.registry_1.0.200.v20100503.jar@4,reference:file:org.eclipse.equinox.launcher_1.2.0.v20110502.jar@4,reference:file:org.eclipse.equinox.launcher.win32.win32.x86_64_1.1.100.v20110502/@4,reference:file:org.eclipse.equinox.p2.core_2.1.0.v20110502-1955.jar@4,reference:file:org.eclipse.equinox.p2.engine_2.1.0.v20110511.jar@4,reference:file:org.eclipse.equinox.p2.metadata_2.1.0.v20110510.jar@4,reference:file:org.eclipse.equinox.p2.metadata.repository_1.2.0.v20110511-1359.jar@4,reference:file:org.eclipse.equinox.p2.repository_2.1.0.v20110601.jar@4,reference:file:org.eclipse.equinox.preferences_3.4.0.v20110502.jar@4,reference:file:org.eclipse.equinox.registry_3.5.100.v20110502.jar@4,reference:file:org.eclipse.equinox.security_1.1.0.v20110502.jar@4,reference:file:org.eclipse.equinox.security.win32.x86_64_1.0.0.v20110502.jar@4,reference:file:org.eclipse.gef_3.7.1.v20110830-1143.jar@4,reference:file:org.eclipse.help_3.5.100.v20110426.jar@4,reference:file:org.eclipse.help.appserver_3.1.400.v20110425.jar@4,reference:file:org.eclipse.help.base_3.6.0.v201106131736.jar@4,reference:file:org.eclipse.help.ui_3.5.100.v20110425.jar@4,reference:file:org.eclipse.help.webapp_3.6.0.v20110518.jar@4,reference:file:org.eclipse.jem.util_2.1.100.v201103021400.jar@4,reference:file:org.eclipse.jface_3.7.0.I20110522-1430.jar@4,reference:file:org.eclipse.jface.databinding_1.5.0.I20100907-0800.jar@4,reference:file:org.eclipse.jface.text_3.7.0.v20110505-0800.jar@4,reference:file:org.eclipse.ltk.core.refactoring_3.5.200.v20110505-0800.jar@4,reference:file:org.eclipse.ltk.ui.refactoring_3.6.0.v20110505-0800.jar@4,reference:file:org.eclipse.m2e.archetype.common_1.0.100.20110804-1717/@4,reference:file:org.eclipse.m2e.core_1.0.100.20110804-1717.jar@4,reference:file:org.eclipse.m2e.core.ui_1.0.100.20110804-1717.jar@4,reference:file:org.eclipse.m2e.logback.appender_1.0.100.20110804-1717.jar@4,reference:file:org.eclipse.m2e.maven.indexer_1.0.100.20110804-1717/@4,reference:file:org.eclipse.m2e.maven.runtime_1.0.100.20110804-1717/@4,reference:file:org.eclipse.m2e.model.edit_1.0.100.20110804-1717.jar@4,reference:file:org.eclipse.osgi.services_3.3.0.v20110513.jar@4,reference:file:org.eclipse.osgi.util_3.2.200.v20110110.jar@4,reference:file:org.eclipse.platform_3.7.0.v201106131736/@4,reference:file:org.eclipse.search_3.7.0.v20110505-0800.jar@4,reference:file:org.eclipse.swt_3.7.0.v3735b.jar@4,reference:file:org.eclipse.swt.win32.win32.x86_64_3.7.1.v3738a.jar@4,reference:file:org.eclipse.team.core_3.6.0.I20110525-0800.jar@4,reference:file:org.eclipse.team.ui_3.6.100.I20110525-0800.jar@4,reference:file:org.eclipse.text_3.5.100.v20110505-0800.jar@4,reference:file:org.eclipse.ui_3.7.0.I20110602-0100.jar@4,reference:file:org.eclipse.ui.cheatsheets_3.4.100.v20110425.jar@4,reference:file:org.eclipse.ui.console_3.5.100.v20110511.jar@4,reference:file:org.eclipse.ui.editors_3.7.0.v20110517-0800.jar@4,reference:file:org.eclipse.ui.forms_3.5.100.v20110425.jar@4,reference:file:org.eclipse.ui.ide_3.7.0.I20110519-0100.jar@4,reference:file:org.eclipse.ui.ide.application_1.0.300.I20110306-2000.jar@4,reference:file:org.eclipse.ui.intro_3.4.100.v20110425.jar@4,reference:file:org.eclipse.ui.intro.universal_3.2.500.v20110510/@4,reference:file:org.eclipse.ui.navigator_3.5.100.I20110524-0800.jar@4,reference:file:org.eclipse.ui.navigator.resources_3.4.300.I20110421-1800.jar@4,reference:file:org.eclipse.ui.views_3.6.0.I20110412-0800.jar@4,reference:file:org.eclipse.ui.views.properties.tabbed_3.5.200.I20110201-0800.jar@4,reference:file:org.eclipse.ui.win32_3.2.200.I20100509-0800.jar@4,reference:file:org.eclipse.ui.workbench_3.7.0.I20110519-0100.jar@4,reference:file:org.eclipse.ui.workbench.texteditor_3.7.0.v20110505-0800.jar@4,reference:file:org.eclipse.update.configurator_3.3.100.v20100512.jar@4,reference:file:org.eclipse.update.core_3.2.500.v20110330.jar@4,reference:file:org.eclipse.update.core.win32_3.2.200.v20100512.jar@4,reference:file:org.eclipse.update.ui_3.2.300.v20100512.jar@4,reference:file:org.eclipse.wst.common.core_1.2.0.v200908252030.jar@4,reference:file:org.eclipse.wst.common.emf_1.2.100.v201101101900.jar@4,reference:file:org.eclipse.wst.common.emfworkbench.integration_1.2.101.v201107140600.jar@4,reference:file:org.eclipse.wst.common.environment_1.0.400.v200912181832.jar@4,reference:file:org.eclipse.wst.common.frameworks_1.2.101.v201107192200.jar@4,reference:file:org.eclipse.wst.common.project.facet.core_1.4.200.v201103170332.jar@4,reference:file:org.eclipse.wst.common.uriresolver_1.1.401.v201004280700.jar@4,reference:file:org.eclipse.wst.sse.core_1.1.601.v201108151912.jar@4,reference:file:org.eclipse.wst.validation_1.2.302.v201107140600.jar@4,reference:file:org.eclipse.wst.xml.core_1.1.601.v201108302147.jar@4,reference:file:org.eclipse.wst.xsd.core_1.1.600.v201104070312.jar@4,reference:file:org.eclipse.xsd_2.7.0.v20110606-0949.jar@4,reference:file:org.eclipse.zest.core_1.3.0.v20110221-2050.jar@4,reference:file:org.eclipse.zest.layouts_1.1.0.v20110425-2050.jar@4,reference:file:org.hamcrest.core_1.1.0.v20090501071000.jar@4,reference:file:org.jboss.netty_3.2.4.Final-201108040830.jar@4,reference:file:org.junit_4.8.2.v4_8_2_v20110321-1705/@4,reference:file:org.junit4_4.8.1.v20100525/@4,reference:file:org.mortbay.jetty.server_6.1.23.v201012071420.jar@4,reference:file:org.mortbay.jetty.util_6.1.23.v201012071420.jar@4,reference:file:org.neo4j.neoclipse_1.6.0.jar@4,reference:file:org.neo4j.neoclipse.doc_1.6.0.jar@4,reference:file:org.slf4j.api_1.6.1.v20100831-0715.jar@4
    osgi.tracefile = C:\Program Files\neoclipse-1.6-win32.win32.x86_64\neoclipse-1.6-win32.win32.x86_64\neoclipse-workspace\.metadata\trace.log
    sun.cpu.isalist = amd64
    sun.jnu.encoding = Cp1252
    eclipse.application = org.neo4j.neoclipse.application
    file.encoding.pkg = sun.io
    org.osgi.framework.vendor = Eclipse
    file.separator = \
    user.country = DE
    org.eclipse.equinox.launcher.splash.location = c:\Program Files\neoclipse-1.6-win32.win32.x86_64\neoclipse-1.6-win32.win32.x86_64\configuration\org.eclipse.equinox.launcher\org.neo4j.neoclipse_1.6.0\splash.bmp
    osgi.os = win32
    eclipse.commands = -os
win32
-ws
win32
-arch
x86_64
-showsplash
-launcher
C:\Program Files\neoclipse-1.6-win32.win32.x86_64\neoclipse-1.6-win32.win32.x86_64\neoclipse.exe
-name
Neoclipse
--launcher.library
C:\Program Files\neoclipse-1.6-win32.win32.x86_64\neoclipse-1.6-win32.win32.x86_64\\plugins/org.eclipse.equinox.launcher.win32.win32.x86_64_1.1.100.v20110502\eclipse_1406.dll
-startup
C:\Program Files\neoclipse-1.6-win32.win32.x86_64\neoclipse-1.6-win32.win32.x86_64\\plugins/org.eclipse.equinox.launcher_1.2.0.v20110502.jar
--launcher.overrideVmargs
-exitdata
1560_5c
-data
@noDefault
-vm
C:\Windows\system32\javaw.exe

    osgi.splashLocation = c:\Program Files\neoclipse-1.6-win32.win32.x86_64\neoclipse-1.6-win32.win32.x86_64\configuration\org.eclipse.equinox.launcher\org.neo4j.neoclipse_1.6.0\splash.bmp
    osgi.arch = x86_64
    path.separator = ;
    org.osgi.supports.framework.fragment = true
    user.variant = 
    osgi.framework.shape = jar
    sun.io.unicode.encoding = UnicodeLittle
    org.osgi.framework.version = 1.6.0
    awt.toolkit = sun.awt.windows.WToolkit
    user.script = 
    osgi.install.area = file:/C:/Program Files/neoclipse-1.6-win32.win32.x86_64/neoclipse-1.6-win32.win32.x86_64/
    osgi.framework = file:/c:/Program Files/neoclipse-1.6-win32.win32.x86_64/neoclipse-1.6-win32.win32.x86_64/plugins/org.eclipse.osgi_3.7.0.v20110613.jar
    user.home = C:\Users\chrigi
    osgi.bundlestore = C:\Program Files\neoclipse-1.6-win32.win32.x86_64\neoclipse-1.6-win32.win32.x86_64\configuration\org.eclipse.osgi\bundles
    osgi.splashPath = platform:/base/plugins/org.neo4j.neoclipse
    osgi.nl = de_DE
    org.osgi.framework.os.version = 6.1.0
    eclipse.p2.data.area = @config.dir/../p2
    eclipse.startTime = 1333044380103
    sun.java.command = C:\Program Files\neoclipse-1.6-win32.win32.x86_64\neoclipse-1.6-win32.win32.x86_64\\plugins/org.eclipse.equinox.launcher_1.2.0.v20110502.jar -os win32 -ws win32 -arch x86_64 -showsplash -launcher C:\Program Files\neoclipse-1.6-win32.win32.x86_64\neoclipse-1.6-win32.win32.x86_64\neoclipse.exe -name Neoclipse --launcher.library C:\Program Files\neoclipse-1.6-win32.win32.x86_64\neoclipse-1.6-win32.win32.x86_64\\plugins/org.eclipse.equinox.launcher.win32.win32.x86_64_1.1.100.v20110502\eclipse_1406.dll -startup C:\Program Files\neoclipse-1.6-win32.win32.x86_64\neoclipse-1.6-win32.win32.x86_64\\plugins/org.eclipse.equinox.launcher_1.2.0.v20110502.jar --launcher.overrideVmargs -exitdata 1560_5c -data @noDefault -vm C:\Windows\system32\javaw.exe -vmargs -jar C:\Program Files\neoclipse-1.6-win32.win32.x86_64\neoclipse-1.6-win32.win32.x86_64\\plugins/org.eclipse.equinox.launcher_1.2.0.v20110502.jar
    org.eclipse.update.reconcile = false
    eclipse.vm = C:\Windows\system32\javaw.exe
    sun.cpu.endian = little
    sun.os.patch.level = Service Pack 1
    eclipse.product = org.neo4j.neoclipse.neoclipseProduct
    eclipse.home.location = file:/C:/Program Files/neoclipse-1.6-win32.win32.x86_64/neoclipse-1.6-win32.win32.x86_64/
    user.dir = C:\Program Files\neoclipse-1.6-win32.win32.x86_64\neoclipse-1.6-win32.win32.x86_64
    org.osgi.supports.framework.requirebundle = true
    file.encoding = Cp1252
    osgi.framework.version = 3.7.0.v20110613
    eclipse.vmargs = -jar
C:\Program Files\neoclipse-1.6-win32.win32.x86_64\neoclipse-1.6-win32.win32.x86_64\\plugins/org.eclipse.equinox.launcher_1.2.0.v20110502.jar

    org.osgi.framework.executionenvironment = OSGi/Minimum-1.0,OSGi/Minimum-1.1,OSGi/Minimum-1.2,JRE-1.1,J2SE-1.2,J2SE-1.3,J2SE-1.4,J2SE-1.5,JavaSE-1.6,JavaSE-1.7
    osgi.logfile = C:\Program Files\neoclipse-1.6-win32.win32.x86_64\neoclipse-1.6-win32.win32.x86_64\neoclipse-workspace\.metadata\.log
    osgi.configuration.area = file:/C:/Program Files/neoclipse-1.6-win32.win32.x86_64/neoclipse-1.6-win32.win32.x86_64/configuration/
2012-03-29 20:07:04.974+0200: Neo4j Kernel properties:
    store_dir=C:\Users\chrigi\Desktop\Brauhaus
    logical_log=C:\Users\chrigi\Desktop\Brauhaus\nioneo_logical.log
    node_auto_indexing=false
    neostore.relationshipstore.db.mapped_memory=100M
    neostore.nodestore.db.mapped_memory=20M
    use_memory_mapped_buffers=false
    rebuild_idgenerators_fast=true
    neostore.propertystore.db.index.keys.mapped_memory=1M
    neostore.propertystore.db.arrays.mapped_memory=130M
    neostore.propertystore.db.strings.mapped_memory=130M
    neo_store=C:\Users\chrigi\Desktop\Brauhaus\neostore
    neostore.propertystore.db.index.mapped_memory=1M
    create=true
    neostore.propertystore.db.mapped_memory=90M
    relationship_auto_indexing=false
    allow_store_upgrade=false
2012-03-29 20:07:04.975+0200: Store versions:
    NeoStore v0.A.0
    NodeStore v0.A.0
    RelationshipStore v0.A.0
    RelationshipTypeStore v0.A.0
    PropertyStore v0.A.0
    PropertyIndexStore v0.A.0
    StringPropertyStore v0.A.0
    ArrayPropertyStore v0.A.0
2012-03-29 20:07:04.975+0200: Id usage:
    NodeStore: used=1 high=0
    RelationshipStore: used=0 high=-1
    RelationshipTypeStore: used=0 high=-1
    PropertyStore: used=0 high=-1
    PropertyIndexStore: used=0 high=-1
    StringPropertyStore: used=1 high=0
    ArrayPropertyStore: used=1 high=0
2012-03-29 20:07:04.976+0200: Storage files:
    active_tx_log: 11,00 B
    index:
      lucene-store.db: 40,00 B
      lucene.log.1: 16,00 B
      lucene.log.active: 4,00 B
    - Total: 60,00 B
    lock: 0,00 B
    messages.log: 24,56 kB
    neostore: 54,00 B
    neostore.id: 9,00 B
    neostore.nodestore.db: 9,00 B
    neostore.nodestore.db.id: 9,00 B
    neostore.propertystore.db: 0,00 B
    neostore.propertystore.db.arrays: 128,00 B
    neostore.propertystore.db.arrays.id: 9,00 B
    neostore.propertystore.db.id: 9,00 B
    neostore.propertystore.db.index: 0,00 B
    neostore.propertystore.db.index.id: 9,00 B
    neostore.propertystore.db.index.keys: 38,00 B
    neostore.propertystore.db.index.keys.id: 9,00 B
    neostore.propertystore.db.strings: 128,00 B
    neostore.propertystore.db.strings.id: 9,00 B
    neostore.relationshipstore.db: 0,00 B
    neostore.relationshipstore.db.id: 9,00 B
    neostore.relationshiptypestore.db: 0,00 B
    neostore.relationshiptypestore.db.id: 9,00 B
    neostore.relationshiptypestore.db.names: 38,00 B
    neostore.relationshiptypestore.db.names.id: 9,00 B
    nioneo_logical.log.1: 16,00 B
    nioneo_logical.log.active: 4,00 B
    tm_tx_log.1: 0,00 B
2012-03-29 20:07:04.982+0200: --- STARTUP diagnostics END ---
2012-03-29 20:07:05.047+0200: Extension org.neo4j.kernel.KernelExtension[kernel jmx] loaded ok
2012-03-29 20:07:05.050+0200: Extension org.neo4j.kernel.KernelExtension[kernel udc] loaded ok
2012-03-29 20:08:06.373+0200: Closed log C:\Users\chrigi\Desktop\Brauhaus\nioneo_logical.log
2012-03-29 20:08:06.427+0200: NeoStore closed
2012-03-29 20:08:06.431+0200: Closed log C:\Users\chrigi\Desktop\Brauhaus\index\lucene.log
2012-03-29 20:08:06.432+0200: NeoStore closed
2012-03-29 20:08:06.433+0200: TM shutting down
2012-03-29 20:10:18.677+0200: Opened [C:\Users\chrigi\Desktop\Brauhaus\nioneo_logical.log.1] clean empty log, version=0, lastTxId=1
2012-03-29 20:10:18.682+0200: Opened [C:\Users\chrigi\Desktop\Brauhaus\index\lucene.log.1] clean empty log, version=0, lastTxId=1
2012-03-29 20:10:18.686+0200: TM opening log: C:\Users\chrigi\Desktop\Brauhaus\tm_tx_log.1
2012-03-29 20:10:18.686+0200: --- STARTUP diagnostics START ---
2012-03-29 20:10:18.686+0200: Graph Database: org.neo4j.kernel.EmbeddedGraphDatabase StoreId[time:1333044424726, id:8909450327864680761, store version: 13561656364791302]
2012-03-29 20:10:18.686+0200: Kernel version: Neo4j - Graph Database Kernel 1.6
2012-03-29 20:10:18.687+0200: Neo4j component versions:
2012-03-29 20:10:18.687+0200:   Neo4j - Graph Database Kernel 1.6
2012-03-29 20:10:18.687+0200: Diagnostics providers:
    KernelDiagnostics:Versions
    org.neo4j.kernel.info.DiagnosticsManager
    SYSTEM_MEMORY
    JAVA_MEMORY
    OPERATING_SYSTEM
    JAVA_VIRTUAL_MACHINE
    CLASSPATH
    LIBRARY_PATH
    SYSTEM_PROPERTIES
    org.neo4j.kernel.Config
    NEO_STORE_VERSIONS
    NEO_STORE_ID_USAGE
    KernelDiagnostics:StoreFiles
2012-03-29 20:10:18.687+0200: System memory information:
    Total Physical memory: 6,93 GB
    Free Physical memory: 3,54 GB
    Committed virtual memory: 225,22 MB
    Total swap space: 12,09 GB
    Free swap space: 8,04 GB
2012-03-29 20:10:18.688+0200: JVM memory information:
    Free  memory: 68,55 MB
    Total memory: 105,69 MB
    Max   memory: 1,54 GB
    Garbage Collector: PS Scavenge: [PS Eden Space, PS Survivor Space]
    Garbage Collector: PS MarkSweep: [PS Eden Space, PS Survivor Space, PS Old Gen, PS Perm Gen]
    Memory Pool: Code Cache (Non-heap memory): committed=2,44 MB, used=1,34 MB, max=48,00 MB, threshold=0,00 B
    Memory Pool: PS Eden Space (Heap memory): committed=27,06 MB, used=7,81 MB, max=573,88 MB, threshold=?
    Memory Pool: PS Survivor Space (Heap memory): committed=4,63 MB, used=4,61 MB, max=4,63 MB, threshold=?
    Memory Pool: PS Old Gen (Heap memory): committed=74,00 MB, used=24,71 MB, max=1,16 GB, threshold=0,00 B
    Memory Pool: PS Perm Gen (Non-heap memory): committed=33,13 MB, used=33,10 MB, max=82,00 MB, threshold=0,00 B
2012-03-29 20:10:18.691+0200: Operating system information:
    Operating System: Windows 7; version: 6.1; arch: amd64; cpus: 8
    Process id: 6848@bart
    Byte order: LITTLE_ENDIAN
2012-03-29 20:10:18.692+0200: JVM information:
    VM Name: Java HotSpot(TM) 64-Bit Server VM
    VM Vendor: Oracle Corporation
    VM Version: 22.0-b10
    JIT compiler: HotSpot 64-Bit Tiered Compilers
    VM Arguments: []
2012-03-29 20:10:18.692+0200: Java classpath:
     [bootstrap] C:\Program Files\Java\jre7\lib\jsse.jar
     [bootstrap] C:\Program Files\Java\jre7\lib\resources.jar
     [classpath] C:\Program Files\neoclipse-1.6-win32.win32.x86_64\neoclipse-1.6-win32.win32.x86_64\plugins\org.eclipse.equinox.launcher_1.2.0.v20110502.jar
     [bootstrap] C:\Program Files\Java\jre7\lib\jce.jar
     [bootstrap] C:\Program Files\Java\jre7\lib\rt.jar
     [bootstrap] C:\Program Files\Java\jre7\classes
     [bootstrap] C:\Program Files\Java\jre7\lib\sunrsasign.jar
     [bootstrap] C:\Program Files\Java\jre7\lib\charsets.jar
2012-03-29 20:10:18.693+0200: Library path:
    C:\Windows\System32
    C:\Windows\Sun\Java\bin
    C:\Windows\System32
    C:\Windows
    C:\Program Files (x86)\MiKTeX 2.9\miktex\bin
    C:\Windows\System32
    C:\Windows
    C:\Windows\System32\wbem
    C:\Windows\System32\WindowsPowerShell\v1.0
    C:\Program Files (x86)\Common Files\Acronis\SnapAPI
    C:\Program Files (x86)\apache-maven-2.2.1
    C:\Program Files\neoclipse-1.6-win32.win32.x86_64\neoclipse-1.6-win32.win32.x86_64\"C:\Program Files\PostgreSQL\9.1\bin"
    C:\Program Files\neoclipse-1.6-win32.win32.x86_64\neoclipse-1.6-win32.win32.x86_64
2012-03-29 20:10:18.695+0200: System.properties:
    osgi.bundles.defaultStartLevel = 4
    sun.java.launcher = SUN_STANDARD
    org.osgi.supports.framework.extension = true
    sun.management.compiler = HotSpot 64-Bit Tiered Compilers
    eclipse.p2.profile = profile
    user.country.format = CH
    osgi.ws = win32
    sun.desktop = windows
    osgi.instance.area = file:/C:/Program Files/neoclipse-1.6-win32.win32.x86_64/neoclipse-1.6-win32.win32.x86_64/neoclipse-workspace/
    org.osgi.framework.uuid = 808342e3-c979-0011-18c9-82dc7e853aad
    user.name = chrigi
    osgi.framework.extensions = reference:file:javax.transaction_1.1.1.v201105210645.jar,reference:file:org.eclipse.equinox.weaving.hook_1.0.100.HEAD.jar
    org.osgi.framework.system.packages = javax.accessibility,javax.activation,javax.activity,javax.annotation,javax.annotation.processing,javax.crypto,javax.crypto.interfaces,javax.crypto.spec,javax.imageio,javax.imageio.event,javax.imageio.metadata,javax.imageio.plugins.bmp,javax.imageio.plugins.jpeg,javax.imageio.spi,javax.imageio.stream,javax.jws,javax.jws.soap,javax.lang.model,javax.lang.model.element,javax.lang.model.type,javax.lang.model.util,javax.management,javax.management.event,javax.management.loading,javax.management.modelmbean,javax.management.monitor,javax.management.namespace,javax.management.openmbean,javax.management.relation,javax.management.remote,javax.management.remote.rmi,javax.management.timer,javax.naming,javax.naming.directory,javax.naming.event,javax.naming.ldap,javax.naming.spi,javax.net,javax.net.ssl,javax.print,javax.print.attribute,javax.print.attribute.standard,javax.print.event,javax.rmi,javax.rmi.CORBA,javax.rmi.ssl,javax.script,javax.security.auth,javax.security.auth.callback,javax.security.auth.kerberos,javax.security.auth.login,javax.security.auth.spi,javax.security.auth.x500,javax.security.cert,javax.security.sasl,javax.sound.midi,javax.sound.midi.spi,javax.sound.sampled,javax.sound.sampled.spi,javax.sql,javax.sql.rowset,javax.sql.rowset.serial,javax.sql.rowset.spi,javax.swing,javax.swing.border,javax.swing.colorchooser,javax.swing.event,javax.swing.filechooser,javax.swing.plaf,javax.swing.plaf.basic,javax.swing.plaf.metal,javax.swing.plaf.multi,javax.swing.plaf.nimbus,javax.swing.plaf.synth,javax.swing.table,javax.swing.text,javax.swing.text.html,javax.swing.text.html.parser,javax.swing.text.rtf,javax.swing.tree,javax.swing.undo,javax.tools,javax.transaction,javax.transaction.xa,javax.xml,javax.xml.bind,javax.xml.bind.annotation,javax.xml.bind.annotation.adapters,javax.xml.bind.attachment,javax.xml.bind.helpers,javax.xml.bind.util,javax.xml.crypto,javax.xml.crypto.dom,javax.xml.crypto.dsig,javax.xml.crypto.dsig.dom,javax.xml.crypto.dsig.keyinfo,javax.xml.crypto.dsig.spec,javax.xml.datatype,javax.xml.namespace,javax.xml.parsers,javax.xml.soap,javax.xml.stream,javax.xml.stream.events,javax.xml.stream.util,javax.xml.transform,javax.xml.transform.dom,javax.xml.transform.sax,javax.xml.transform.stax,javax.xml.transform.stream,javax.xml.validation,javax.xml.ws,javax.xml.ws.handler,javax.xml.ws.handler.soap,javax.xml.ws.http,javax.xml.ws.soap,javax.xml.ws.spi,javax.xml.ws.spi.http,javax.xml.ws.wsaddressing,javax.xml.xpath,org.ietf.jgss,org.omg.CORBA,org.omg.CORBA_2_3,org.omg.CORBA_2_3.portable,org.omg.CORBA.DynAnyPackage,org.omg.CORBA.ORBPackage,org.omg.CORBA.portable,org.omg.CORBA.TypeCodePackage,org.omg.CosNaming,org.omg.CosNaming.NamingContextExtPackage,org.omg.CosNaming.NamingContextPackage,org.omg.Dynamic,org.omg.DynamicAny,org.omg.DynamicAny.DynAnyFactoryPackage,org.omg.DynamicAny.DynAnyPackage,org.omg.IOP,org.omg.IOP.CodecFactoryPackage,org.omg.IOP.CodecPackage,org.omg.Messaging,org.omg.PortableInterceptor,org.omg.PortableInterceptor.ORBInitInfoPackage,org.omg.PortableServer,org.omg.PortableServer.CurrentPackage,org.omg.PortableServer.POAManagerPackage,org.omg.PortableServer.POAPackage,org.omg.PortableServer.portable,org.omg.PortableServer.ServantLocatorPackage,org.omg.SendingContext,org.omg.stub.java.rmi,org.w3c.dom,org.w3c.dom.bootstrap,org.w3c.dom.css,org.w3c.dom.events,org.w3c.dom.html,org.w3c.dom.ls,org.w3c.dom.ranges,org.w3c.dom.stylesheets,org.w3c.dom.traversal,org.w3c.dom.views,org.w3c.dom.xpath,org.xml.sax,org.xml.sax.ext,org.xml.sax.helpers
    eclipse.launcher = C:\Program Files\neoclipse-1.6-win32.win32.x86_64\neoclipse-1.6-win32.win32.x86_64\neoclipse.exe
    eclipse.launcher.name = Neoclipse
    org.osgi.framework.language = de
    osgi.frameworkClassPath = ., file:c:/Program Files/neoclipse-1.6-win32.win32.x86_64/neoclipse-1.6-win32.win32.x86_64/plugins/javax.transaction_1.1.1.v201105210645.jar, file:c:/Program Files/neoclipse-1.6-win32.win32.x86_64/neoclipse-1.6-win32.win32.x86_64/plugins/org.eclipse.equinox.weaving.hook_1.0.100.HEAD.jar
    user.language = de
    org.osgi.framework.processor = x86-64
    osgi.syspath = c:\Program Files\neoclipse-1.6-win32.win32.x86_64\neoclipse-1.6-win32.win32.x86_64\plugins
    sun.boot.library.path = C:\Program Files\Java\jre7\bin
    org.osgi.framework.system.capabilities = osgi.ee; osgi.ee="OSGi/Minimum"; version:List<Version>="1.0, 1.1, 1.2",osgi.ee; osgi.ee="JavaSE"; version:List<Version>="1.0, 1.1, 1.2, 1.3, 1.4, 1.5, 1.6, 1.7"
    osgi.manifest.cache = C:\Program Files\neoclipse-1.6-win32.win32.x86_64\neoclipse-1.6-win32.win32.x86_64\configuration\org.eclipse.osgi\manifests
    org.osgi.framework.os.name = Windows7
    user.timezone = Europe/Berlin
    sun.arch.data.model = 64
    osgi.bundles = reference:file:javax.transaction_1.1.1.v201105210645.jar,reference:file:org.eclipse.equinox.weaving.hook_1.0.100.HEAD.jar,reference:file:ch.qos.logback.classic_0.9.27.v20110224-1110.jar@4,reference:file:ch.qos.logback.core_0.9.27.v20110224-1110.jar@4,reference:file:ch.qos.logback.slf4j_0.9.27.v20110224-1110.jar@4,reference:file:com.ibm.icu_4.4.2.v20110208.jar@4,reference:file:com.ning.async-http-client_1.6.3.201108040830.jar@4,reference:file:com.springsource.javax.jms_1.1.0.jar@4,reference:file:javax.activation_1.1.0.v201105071233.jar@4,reference:file:javax.mail_1.4.0.v201005080615.jar@4,reference:file:javax.servlet_2.5.0.v201103041518.jar@4,reference:file:javax.servlet.jsp_2.0.0.v201101211617.jar@4,reference:file:javax.xml_1.3.4.v201005080400.jar@4,reference:file:org.apache.ant_1.8.2.v20110505-1300/@4,reference:file:org.apache.commons.el_1.0.0.v201101211617.jar@4,reference:file:org.apache.commons.logging_1.0.4.v201101211617.jar@4,reference:file:org.apache.jasper_5.5.17.v201101211617.jar@4,reference:file:org.apache.lucene_2.9.1.v201101211721.jar@4,reference:file:org.apache.lucene.analysis_2.9.1.v201101211721.jar@4,reference:file:org.apache.lucene.core_2.9.1.v201101211721.jar@4,reference:file:org.apache.lucene.highlighter_2.9.1.v20100421-0704.jar@4,reference:file:org.apache.lucene.memory_2.9.1.v20100421-0704.jar@4,reference:file:org.apache.lucene.misc_2.9.1.v20100421-0704.jar@4,reference:file:org.apache.lucene.queries_2.9.1.v20100421-0704.jar@4,reference:file:org.apache.lucene.snowball_2.9.1.v20100421-0704.jar@4,reference:file:org.apache.lucene.spellchecker_2.9.1.v20100421-0704.jar@4,reference:file:org.apache.xerces_2.9.0.v201101211617.jar@4,reference:file:org.apache.xml.resolver_1.2.0.v201005080400.jar@4,reference:file:org.apache.xml.serializer_2.7.1.v201005080400.jar@4,reference:file:org.eclipse.ant.core_3.2.300.v20110511.jar@4,reference:file:org.eclipse.compare_3.5.200.I20110525-0800.jar@4,reference:file:org.eclipse.compare.core_3.5.200.I20110208-0800.jar@4,reference:file:org.eclipse.core.commands_3.6.0.I20110111-0800.jar@4,reference:file:org.eclipse.core.contenttype_3.4.100.v20110423-0524.jar@4,reference:file:org.eclipse.core.databinding_1.4.0.I20110111-0800.jar@4,reference:file:org.eclipse.core.databinding.observable_1.4.0.I20110222-0800.jar@4,reference:file:org.eclipse.core.databinding.property_1.4.0.I20110222-0800.jar@4,reference:file:org.eclipse.core.expressions_3.4.300.v20110228.jar@4,reference:file:org.eclipse.core.filebuffers_3.5.200.v20110505-0800.jar@4,reference:file:org.eclipse.core.filesystem_1.3.100.v20110423-0524.jar@4,reference:file:org.eclipse.core.filesystem.win32.x86_64_1.1.300.v20110423-0524.jar@4,reference:file:org.eclipse.core.jobs_3.5.100.v20110404.jar@4,reference:file:org.eclipse.core.net_1.2.100.I20110511-0800.jar@4,reference:file:org.eclipse.core.net.win32.x86_64_1.0.100.I20110331-0827.jar@4,reference:file:org.eclipse.core.resources_3.7.100.v20110510-0712.jar@4,reference:file:org.eclipse.core.runtime_3.7.0.v20110110.jar@4:start,reference:file:org.eclipse.core.runtime.compatibility_3.2.100.v20100505.jar@4,reference:file:org.eclipse.core.runtime.compatibility.auth_3.2.200.v20110110.jar@4,reference:file:org.eclipse.core.runtime.compatibility.registry_3.5.0.v20110505/@4,reference:file:org.eclipse.core.variables_3.2.500.v20110511.jar@4,reference:file:org.eclipse.draw2d_3.7.1.v20110830-1143.jar@4,reference:file:org.eclipse.emf.common_2.7.0.v20110912-0920.jar@4,reference:file:org.eclipse.emf.ecore_2.7.0.v20110912-0920.jar@4,reference:file:org.eclipse.emf.ecore.change_2.7.1.v20110829-1916.jar@4,reference:file:org.eclipse.emf.ecore.edit_2.7.0.v20110913-1156.jar@4,reference:file:org.eclipse.emf.ecore.xmi_2.7.0.v20110520-1406.jar@4,reference:file:org.eclipse.emf.edit_2.7.1.v20110913-1526.jar@4,reference:file:org.eclipse.equinox.app_1.3.100.v20110321.jar@4,reference:file:org.eclipse.equinox.common_3.6.0.v20110523.jar@2:start,reference:file:org.eclipse.equinox.http.jetty_2.0.100.v20110502.jar@4,reference:file:org.eclipse.equinox.http.registry_1.1.100.v20110502.jar@4,reference:file:org.eclipse.equinox.http.servlet_1.1.200.v20110502.jar@4,reference:file:org.eclipse.equinox.jsp.jasper_1.0.300.v20110502.jar@4,reference:file:org.eclipse.equinox.jsp.jasper.registry_1.0.200.v20100503.jar@4,reference:file:org.eclipse.equinox.launcher_1.2.0.v20110502.jar@4,reference:file:org.eclipse.equinox.launcher.win32.win32.x86_64_1.1.100.v20110502/@4,reference:file:org.eclipse.equinox.p2.core_2.1.0.v20110502-1955.jar@4,reference:file:org.eclipse.equinox.p2.engine_2.1.0.v20110511.jar@4,reference:file:org.eclipse.equinox.p2.metadata_2.1.0.v20110510.jar@4,reference:file:org.eclipse.equinox.p2.metadata.repository_1.2.0.v20110511-1359.jar@4,reference:file:org.eclipse.equinox.p2.repository_2.1.0.v20110601.jar@4,reference:file:org.eclipse.equinox.preferences_3.4.0.v20110502.jar@4,reference:file:org.eclipse.equinox.registry_3.5.100.v20110502.jar@4,reference:file:org.eclipse.equinox.security_1.1.0.v20110502.jar@4,reference:file:org.eclipse.equinox.security.win32.x86_64_1.0.0.v20110502.jar@4,reference:file:org.eclipse.gef_3.7.1.v20110830-1143.jar@4,reference:file:org.eclipse.help_3.5.100.v20110426.jar@4,reference:file:org.eclipse.help.appserver_3.1.400.v20110425.jar@4,reference:file:org.eclipse.help.base_3.6.0.v201106131736.jar@4,reference:file:org.eclipse.help.ui_3.5.100.v20110425.jar@4,reference:file:org.eclipse.help.webapp_3.6.0.v20110518.jar@4,reference:file:org.eclipse.jem.util_2.1.100.v201103021400.jar@4,reference:file:org.eclipse.jface_3.7.0.I20110522-1430.jar@4,reference:file:org.eclipse.jface.databinding_1.5.0.I20100907-0800.jar@4,reference:file:org.eclipse.jface.text_3.7.0.v20110505-0800.jar@4,reference:file:org.eclipse.ltk.core.refactoring_3.5.200.v20110505-0800.jar@4,reference:file:org.eclipse.ltk.ui.refactoring_3.6.0.v20110505-0800.jar@4,reference:file:org.eclipse.m2e.archetype.common_1.0.100.20110804-1717/@4,reference:file:org.eclipse.m2e.core_1.0.100.20110804-1717.jar@4,reference:file:org.eclipse.m2e.core.ui_1.0.100.20110804-1717.jar@4,reference:file:org.eclipse.m2e.logback.appender_1.0.100.20110804-1717.jar@4,reference:file:org.eclipse.m2e.maven.indexer_1.0.100.20110804-1717/@4,reference:file:org.eclipse.m2e.maven.runtime_1.0.100.20110804-1717/@4,reference:file:org.eclipse.m2e.model.edit_1.0.100.20110804-1717.jar@4,reference:file:org.eclipse.osgi.services_3.3.0.v20110513.jar@4,reference:file:org.eclipse.osgi.util_3.2.200.v20110110.jar@4,reference:file:org.eclipse.platform_3.7.0.v201106131736/@4,reference:file:org.eclipse.search_3.7.0.v20110505-0800.jar@4,reference:file:org.eclipse.swt_3.7.0.v3735b.jar@4,reference:file:org.eclipse.swt.win32.win32.x86_64_3.7.1.v3738a.jar@4,reference:file:org.eclipse.team.core_3.6.0.I20110525-0800.jar@4,reference:file:org.eclipse.team.ui_3.6.100.I20110525-0800.jar@4,reference:file:org.eclipse.text_3.5.100.v20110505-0800.jar@4,reference:file:org.eclipse.ui_3.7.0.I20110602-0100.jar@4,reference:file:org.eclipse.ui.cheatsheets_3.4.100.v20110425.jar@4,reference:file:org.eclipse.ui.console_3.5.100.v20110511.jar@4,reference:file:org.eclipse.ui.editors_3.7.0.v20110517-0800.jar@4,reference:file:org.eclipse.ui.forms_3.5.100.v20110425.jar@4,reference:file:org.eclipse.ui.ide_3.7.0.I20110519-0100.jar@4,reference:file:org.eclipse.ui.ide.application_1.0.300.I20110306-2000.jar@4,reference:file:org.eclipse.ui.intro_3.4.100.v20110425.jar@4,reference:file:org.eclipse.ui.intro.universal_3.2.500.v20110510/@4,reference:file:org.eclipse.ui.navigator_3.5.100.I20110524-0800.jar@4,reference:file:org.eclipse.ui.navigator.resources_3.4.300.I20110421-1800.jar@4,reference:file:org.eclipse.ui.views_3.6.0.I20110412-0800.jar@4,reference:file:org.eclipse.ui.views.properties.tabbed_3.5.200.I20110201-0800.jar@4,reference:file:org.eclipse.ui.win32_3.2.200.I20100509-0800.jar@4,reference:file:org.eclipse.ui.workbench_3.7.0.I20110519-0100.jar@4,reference:file:org.eclipse.ui.workbench.texteditor_3.7.0.v20110505-0800.jar@4,reference:file:org.eclipse.update.configurator_3.3.100.v20100512.jar@4,reference:file:org.eclipse.update.core_3.2.500.v20110330.jar@4,reference:file:org.eclipse.update.core.win32_3.2.200.v20100512.jar@4,reference:file:org.eclipse.update.ui_3.2.300.v20100512.jar@4,reference:file:org.eclipse.wst.common.core_1.2.0.v200908252030.jar@4,reference:file:org.eclipse.wst.common.emf_1.2.100.v201101101900.jar@4,reference:file:org.eclipse.wst.common.emfworkbench.integration_1.2.101.v201107140600.jar@4,reference:file:org.eclipse.wst.common.environment_1.0.400.v200912181832.jar@4,reference:file:org.eclipse.wst.common.frameworks_1.2.101.v201107192200.jar@4,reference:file:org.eclipse.wst.common.project.facet.core_1.4.200.v201103170332.jar@4,reference:file:org.eclipse.wst.common.uriresolver_1.1.401.v201004280700.jar@4,reference:file:org.eclipse.wst.sse.core_1.1.601.v201108151912.jar@4,reference:file:org.eclipse.wst.validation_1.2.302.v201107140600.jar@4,reference:file:org.eclipse.wst.xml.core_1.1.601.v201108302147.jar@4,reference:file:org.eclipse.wst.xsd.core_1.1.600.v201104070312.jar@4,reference:file:org.eclipse.xsd_2.7.0.v20110606-0949.jar@4,reference:file:org.eclipse.zest.core_1.3.0.v20110221-2050.jar@4,reference:file:org.eclipse.zest.layouts_1.1.0.v20110425-2050.jar@4,reference:file:org.hamcrest.core_1.1.0.v20090501071000.jar@4,reference:file:org.jboss.netty_3.2.4.Final-201108040830.jar@4,reference:file:org.junit_4.8.2.v4_8_2_v20110321-1705/@4,reference:file:org.junit4_4.8.1.v20100525/@4,reference:file:org.mortbay.jetty.server_6.1.23.v201012071420.jar@4,reference:file:org.mortbay.jetty.util_6.1.23.v201012071420.jar@4,reference:file:org.neo4j.neoclipse_1.6.0.jar@4,reference:file:org.neo4j.neoclipse.doc_1.6.0.jar@4,reference:file:org.slf4j.api_1.6.1.v20100831-0715.jar@4
    osgi.tracefile = C:\Program Files\neoclipse-1.6-win32.win32.x86_64\neoclipse-1.6-win32.win32.x86_64\neoclipse-workspace\.metadata\trace.log
    sun.cpu.isalist = amd64
    sun.jnu.encoding = Cp1252
    eclipse.application = org.neo4j.neoclipse.application
    file.encoding.pkg = sun.io
    org.osgi.framework.vendor = Eclipse
    file.separator = \
    user.country = DE
    org.eclipse.equinox.launcher.splash.location = c:\Program Files\neoclipse-1.6-win32.win32.x86_64\neoclipse-1.6-win32.win32.x86_64\configuration\org.eclipse.equinox.launcher\org.neo4j.neoclipse_1.6.0\splash.bmp
    osgi.os = win32
    eclipse.commands = -os
win32
-ws
win32
-arch
x86_64
-showsplash
-launcher
C:\Program Files\neoclipse-1.6-win32.win32.x86_64\neoclipse-1.6-win32.win32.x86_64\neoclipse.exe
-name
Neoclipse
--launcher.library
C:\Program Files\neoclipse-1.6-win32.win32.x86_64\neoclipse-1.6-win32.win32.x86_64\\plugins/org.eclipse.equinox.launcher.win32.win32.x86_64_1.1.100.v20110502\eclipse_1406.dll
-startup
C:\Program Files\neoclipse-1.6-win32.win32.x86_64\neoclipse-1.6-win32.win32.x86_64\\plugins/org.eclipse.equinox.launcher_1.2.0.v20110502.jar
--launcher.overrideVmargs
-exitdata
1560_5c
-data
@noDefault
-vm
C:\Windows\system32\javaw.exe

    osgi.splashLocation = c:\Program Files\neoclipse-1.6-win32.win32.x86_64\neoclipse-1.6-win32.win32.x86_64\configuration\org.eclipse.equinox.launcher\org.neo4j.neoclipse_1.6.0\splash.bmp
    osgi.arch = x86_64
    path.separator = ;
    org.osgi.supports.framework.fragment = true
    user.variant = 
    osgi.framework.shape = jar
    sun.io.unicode.encoding = UnicodeLittle
    org.osgi.framework.version = 1.6.0
    awt.toolkit = sun.awt.windows.WToolkit
    user.script = 
    osgi.install.area = file:/C:/Program Files/neoclipse-1.6-win32.win32.x86_64/neoclipse-1.6-win32.win32.x86_64/
    osgi.framework = file:/c:/Program Files/neoclipse-1.6-win32.win32.x86_64/neoclipse-1.6-win32.win32.x86_64/plugins/org.eclipse.osgi_3.7.0.v20110613.jar
    user.home = C:\Users\chrigi
    osgi.bundlestore = C:\Program Files\neoclipse-1.6-win32.win32.x86_64\neoclipse-1.6-win32.win32.x86_64\configuration\org.eclipse.osgi\bundles
    osgi.splashPath = platform:/base/plugins/org.neo4j.neoclipse
    osgi.nl = de_DE
    org.osgi.framework.os.version = 6.1.0
    eclipse.p2.data.area = @config.dir/../p2
    eclipse.startTime = 1333044380103
    sun.java.command = C:\Program Files\neoclipse-1.6-win32.win32.x86_64\neoclipse-1.6-win32.win32.x86_64\\plugins/org.eclipse.equinox.launcher_1.2.0.v20110502.jar -os win32 -ws win32 -arch x86_64 -showsplash -launcher C:\Program Files\neoclipse-1.6-win32.win32.x86_64\neoclipse-1.6-win32.win32.x86_64\neoclipse.exe -name Neoclipse --launcher.library C:\Program Files\neoclipse-1.6-win32.win32.x86_64\neoclipse-1.6-win32.win32.x86_64\\plugins/org.eclipse.equinox.launcher.win32.win32.x86_64_1.1.100.v20110502\eclipse_1406.dll -startup C:\Program Files\neoclipse-1.6-win32.win32.x86_64\neoclipse-1.6-win32.win32.x86_64\\plugins/org.eclipse.equinox.launcher_1.2.0.v20110502.jar --launcher.overrideVmargs -exitdata 1560_5c -data @noDefault -vm C:\Windows\system32\javaw.exe -vmargs -jar C:\Program Files\neoclipse-1.6-win32.win32.x86_64\neoclipse-1.6-win32.win32.x86_64\\plugins/org.eclipse.equinox.launcher_1.2.0.v20110502.jar
    org.eclipse.update.reconcile = false
    eclipse.vm = C:\Windows\system32\javaw.exe
    sun.cpu.endian = little
    sun.os.patch.level = Service Pack 1
    eclipse.product = org.neo4j.neoclipse.neoclipseProduct
    eclipse.home.location = file:/C:/Program Files/neoclipse-1.6-win32.win32.x86_64/neoclipse-1.6-win32.win32.x86_64/
    neo4j.ext.udc.source = maven
    user.dir = C:\Program Files\neoclipse-1.6-win32.win32.x86_64\neoclipse-1.6-win32.win32.x86_64
    org.osgi.supports.framework.requirebundle = true
    file.encoding = Cp1252
    osgi.framework.version = 3.7.0.v20110613
    eclipse.vmargs = -jar
C:\Program Files\neoclipse-1.6-win32.win32.x86_64\neoclipse-1.6-win32.win32.x86_64\\plugins/org.eclipse.equinox.launcher_1.2.0.v20110502.jar

    org.osgi.framework.executionenvironment = OSGi/Minimum-1.0,OSGi/Minimum-1.1,OSGi/Minimum-1.2,JRE-1.1,J2SE-1.2,J2SE-1.3,J2SE-1.4,J2SE-1.5,JavaSE-1.6,JavaSE-1.7
    osgi.logfile = C:\Program Files\neoclipse-1.6-win32.win32.x86_64\neoclipse-1.6-win32.win32.x86_64\neoclipse-workspace\.metadata\.log
    osgi.configuration.area = file:/C:/Program Files/neoclipse-1.6-win32.win32.x86_64/neoclipse-1.6-win32.win32.x86_64/configuration/
2012-03-29 20:10:18.696+0200: Neo4j Kernel properties:
    store_dir=C:\Users\chrigi\Desktop\Brauhaus
    logical_log=C:\Users\chrigi\Desktop\Brauhaus\nioneo_logical.log
    node_auto_indexing=false
    neostore.relationshipstore.db.mapped_memory=100M
    neostore.nodestore.db.mapped_memory=20M
    use_memory_mapped_buffers=false
    rebuild_idgenerators_fast=true
    neostore.propertystore.db.index.keys.mapped_memory=1M
    neostore.propertystore.db.arrays.mapped_memory=130M
    neostore.propertystore.db.strings.mapped_memory=130M
    neo_store=C:\Users\chrigi\Desktop\Brauhaus\neostore
    neostore.propertystore.db.index.mapped_memory=1M
    create=true
    neostore.propertystore.db.mapped_memory=90M
    relationship_auto_indexing=false
    allow_store_upgrade=false
2012-03-29 20:10:18.696+0200: Store versions:
    NeoStore v0.A.0
    NodeStore v0.A.0
    RelationshipStore v0.A.0
    RelationshipTypeStore v0.A.0
    PropertyStore v0.A.0
    PropertyIndexStore v0.A.0
    StringPropertyStore v0.A.0
    ArrayPropertyStore v0.A.0
2012-03-29 20:10:18.696+0200: Id usage:
    NodeStore: used=1 high=0
    RelationshipStore: used=0 high=-1
    RelationshipTypeStore: used=0 high=-1
    PropertyStore: used=0 high=-1
    PropertyIndexStore: used=0 high=-1
    StringPropertyStore: used=1 high=0
    ArrayPropertyStore: used=1 high=0
2012-03-29 20:10:18.697+0200: Storage files:
    active_tx_log: 11,00 B
    index:
      lucene-store.db: 40,00 B
      lucene.log.1: 16,00 B
      lucene.log.active: 4,00 B
    - Total: 60,00 B
    lock: 0,00 B
    messages.log: 50,88 kB
    neostore: 54,00 B
    neostore.id: 9,00 B
    neostore.nodestore.db: 9,00 B
    neostore.nodestore.db.id: 9,00 B
    neostore.propertystore.db: 0,00 B
    neostore.propertystore.db.arrays: 128,00 B
    neostore.propertystore.db.arrays.id: 9,00 B
    neostore.propertystore.db.id: 9,00 B
    neostore.propertystore.db.index: 0,00 B
    neostore.propertystore.db.index.id: 9,00 B
    neostore.propertystore.db.index.keys: 38,00 B
    neostore.propertystore.db.index.keys.id: 9,00 B
    neostore.propertystore.db.strings: 128,00 B
    neostore.propertystore.db.strings.id: 9,00 B
    neostore.relationshipstore.db: 0,00 B
    neostore.relationshipstore.db.id: 9,00 B
    neostore.relationshiptypestore.db: 0,00 B
    neostore.relationshiptypestore.db.id: 9,00 B
    neostore.relationshiptypestore.db.names: 38,00 B
    neostore.relationshiptypestore.db.names.id: 9,00 B
    nioneo_logical.log.1: 16,00 B
    nioneo_logical.log.active: 4,00 B
    tm_tx_log.1: 0,00 B
2012-03-29 20:10:18.703+0200: --- STARTUP diagnostics END ---
2012-03-29 20:10:18.705+0200: Extension org.neo4j.kernel.KernelExtension[kernel jmx] loaded ok
2012-03-29 20:10:18.706+0200: Extension org.neo4j.kernel.KernelExtension[kernel udc] loaded ok
2012-03-29 20:47:46.479+0200: Closed log C:\Users\chrigi\Desktop\Brauhaus\nioneo_logical.log
2012-03-29 20:47:46.546+0200: NeoStore closed
2012-03-29 20:47:46.550+0200: Closed log C:\Users\chrigi\Desktop\Brauhaus\index\lucene.log
2012-03-29 20:47:46.551+0200: NeoStore closed
2012-03-29 20:47:46.552+0200: TM shutting down
